This is pdfTeX, Version 3.141592653-2.6-1.40.25 (TeX Live 2023) (preloaded format=pdflatex 2024.2.22)  26 MAR 2025 12:04
entering extended mode
 restricted \write18 enabled.
 %&-line parsing enabled.
**RES_droughts_Morin_ReEn_Diff.tex
(./RES_droughts_Morin_ReEn_Diff.tex
LaTeX2e <2022-11-01> patch level 1
L3 programming layer <2023-02-22> (./elsarticle.cls
Document Class: elsarticle 2025/01/11, 3.4c: Elsevier Ltd
(/usr/local/texlive/2023/texmf-dist/tex/latex/base/fontenc.sty
Package: fontenc 2021/04/29 v2.0v Standard LaTeX package
)
(/usr/local/texlive/2023/texmf-dist/tex/latex/l3kernel/expl3.sty
Package: expl3 2023-02-22 L3 programming layer (loader) 

(/usr/local/texlive/2023/texmf-dist/tex/latex/l3backend/l3backend-pdftex.def
File: l3backend-pdftex.def 2023-01-16 L3 backend support: PDF output (pdfTeX)
\l__color_backend_stack_int=\count185
\l__pdf_internal_box=\box51
))
(/usr/local/texlive/2023/texmf-dist/tex/latex/l3packages/xparse/xparse.sty
Package: xparse 2023-02-02 L3 Experimental document command parser
)
(/usr/local/texlive/2023/texmf-dist/tex/latex/etoolbox/etoolbox.sty
Package: etoolbox 2020/10/05 v2.5k e-TeX tools for LaTeX (JAW)
\etb@tempcnta=\count186
)
\@bls=\dimen140

(/usr/local/texlive/2023/texmf-dist/tex/latex/base/article.cls
Document Class: article 2022/07/02 v1.4n Standard LaTeX document class
(/usr/local/texlive/2023/texmf-dist/tex/latex/base/size12.clo
File: size12.clo 2022/07/02 v1.4n Standard LaTeX file (size option)
)
\c@part=\count187
\c@section=\count188
\c@subsection=\count189
\c@subsubsection=\count190
\c@paragraph=\count191
\c@subparagraph=\count192
\c@figure=\count193
\c@table=\count194
\abovecaptionskip=\skip48
\belowcaptionskip=\skip49
\bibindent=\dimen141
)
(/usr/local/texlive/2023/texmf-dist/tex/latex/graphics/graphicx.sty
Package: graphicx 2021/09/16 v1.2d Enhanced LaTeX Graphics (DPC,SPQR)

(/usr/local/texlive/2023/texmf-dist/tex/latex/graphics/keyval.sty
Package: keyval 2022/05/29 v1.15 key=value parser (DPC)
\KV@toks@=\toks16
)
(/usr/local/texlive/2023/texmf-dist/tex/latex/graphics/graphics.sty
Package: graphics 2022/03/10 v1.4e Standard LaTeX Graphics (DPC,SPQR)

(/usr/local/texlive/2023/texmf-dist/tex/latex/graphics/trig.sty
Package: trig 2021/08/11 v1.11 sin cos tan (DPC)
)
(/usr/local/texlive/2023/texmf-dist/tex/latex/graphics-cfg/graphics.cfg
File: graphics.cfg 2016/06/04 v1.11 sample graphics configuration
)
Package graphics Info: Driver file: pdftex.def on input line 107.

(/usr/local/texlive/2023/texmf-dist/tex/latex/graphics-def/pdftex.def
File: pdftex.def 2022/09/22 v1.2b Graphics/color driver for pdftex
))
\Gin@req@height=\dimen142
\Gin@req@width=\dimen143
)
\c@tnote=\count195
\c@fnote=\count196
\c@cnote=\count197
\c@ead=\count198
\c@elsarticle@author=\count199
\@eadauthor=\toks17
\c@affn=\count266
\absbox=\box52
\elsarticlehighlightsbox=\box53
\elsarticlegrabsbox=\box54
\keybox=\box55
\Columnwidth=\dimen144
\space@left=\dimen145
\els@boxa=\box56
\els@boxb=\box57
\leftMargin=\dimen146
\@enLab=\toks18
\@sep=\skip50
\@@sep=\skip51

(./RES_droughts_Morin_ReEn_Diff.spl)
(/usr/local/texlive/2023/texmf-dist/tex/latex/natbib/natbib.sty
Package: natbib 2010/09/13 8.31b (PWD, AO)
\bibhang=\skip52
\bibsep=\skip53
LaTeX Info: Redefining \cite on input line 694.
\c@NAT@ctr=\count267
)
\splwrite=\write3
\openout3 = `RES_droughts_Morin_ReEn_Diff.spl'.

\appnamewidth=\dimen147
)
(/usr/local/texlive/2023/texmf-dist/tex/latex/amsfonts/amssymb.sty
Package: amssymb 2013/01/14 v3.01 AMS font symbols

(/usr/local/texlive/2023/texmf-dist/tex/latex/amsfonts/amsfonts.sty
Package: amsfonts 2013/01/14 v3.01 Basic AMSFonts support
\@emptytoks=\toks19
\symAMSa=\mathgroup4
\symAMSb=\mathgroup5
LaTeX Font Info:    Redeclaring math symbol \hbar on input line 98.
LaTeX Font Info:    Overwriting math alphabet `\mathfrak' in version `bold'
(Font)                  U/euf/m/n --> U/euf/b/n on input line 106.
))
(/usr/local/texlive/2023/texmf-dist/tex/latex/amsmath/amsmath.sty
Package: amsmath 2022/04/08 v2.17n AMS math features
\@mathmargin=\skip54

For additional information on amsmath, use the `?' option.
(/usr/local/texlive/2023/texmf-dist/tex/latex/amsmath/amstext.sty
Package: amstext 2021/08/26 v2.01 AMS text

(/usr/local/texlive/2023/texmf-dist/tex/latex/amsmath/amsgen.sty
File: amsgen.sty 1999/11/30 v2.0 generic functions
\@emptytoks=\toks20
\ex@=\dimen148
))
(/usr/local/texlive/2023/texmf-dist/tex/latex/amsmath/amsbsy.sty
Package: amsbsy 1999/11/29 v1.2d Bold Symbols
\pmbraise@=\dimen149
)
(/usr/local/texlive/2023/texmf-dist/tex/latex/amsmath/amsopn.sty
Package: amsopn 2022/04/08 v2.04 operator names
)
\inf@bad=\count268
LaTeX Info: Redefining \frac on input line 234.
\uproot@=\count269
\leftroot@=\count270
LaTeX Info: Redefining \overline on input line 399.
LaTeX Info: Redefining \colon on input line 410.
\classnum@=\count271
\DOTSCASE@=\count272
LaTeX Info: Redefining \ldots on input line 496.
LaTeX Info: Redefining \dots on input line 499.
LaTeX Info: Redefining \cdots on input line 620.
\Mathstrutbox@=\box58
\strutbox@=\box59
LaTeX Info: Redefining \big on input line 722.
LaTeX Info: Redefining \Big on input line 723.
LaTeX Info: Redefining \bigg on input line 724.
LaTeX Info: Redefining \Bigg on input line 725.
\big@size=\dimen150
LaTeX Font Info:    Redeclaring font encoding OML on input line 743.
LaTeX Font Info:    Redeclaring font encoding OMS on input line 744.
\macc@depth=\count273
LaTeX Info: Redefining \bmod on input line 905.
LaTeX Info: Redefining \pmod on input line 910.
LaTeX Info: Redefining \smash on input line 940.
LaTeX Info: Redefining \relbar on input line 970.
LaTeX Info: Redefining \Relbar on input line 971.
\c@MaxMatrixCols=\count274
\dotsspace@=\muskip16
\c@parentequation=\count275
\dspbrk@lvl=\count276
\tag@help=\toks21
\row@=\count277
\column@=\count278
\maxfields@=\count279
\andhelp@=\toks22
\eqnshift@=\dimen151
\alignsep@=\dimen152
\tagshift@=\dimen153
\tagwidth@=\dimen154
\totwidth@=\dimen155
\lineht@=\dimen156
\@envbody=\toks23
\multlinegap=\skip55
\multlinetaggap=\skip56
\mathdisplay@stack=\toks24
LaTeX Info: Redefining \[ on input line 2953.
LaTeX Info: Redefining \] on input line 2954.
)
(/usr/local/texlive/2023/texmf-dist/tex/latex/lineno/lineno.sty
Package: lineno 2023/01/19 line numbers on paragraphs v5.1
\linenopenalty=\count280
\output=\toks25
\linenoprevgraf=\count281
\linenumbersep=\dimen157
\linenumberwidth=\dimen158
\c@linenumber=\count282
\c@pagewiselinenumber=\count283
\c@LN@truepage=\count284
\c@internallinenumber=\count285
\c@internallinenumbers=\count286
\quotelinenumbersep=\dimen159
\bframerule=\dimen160
\bframesep=\dimen161
\bframebox=\box60
\linenoamsmath@ams@eqpen=\count287
LaTeX Info: Redefining \\ on input line 3131.
)
(/usr/local/texlive/2023/texmf-dist/tex/latex/xurl/xurl.sty
Package: xurl 2022/01/09 v 0.10 modify URL breaks

(/usr/local/texlive/2023/texmf-dist/tex/latex/url/url.sty
\Urlmuskip=\muskip17
Package: url 2013/09/16  ver 3.4  Verb mode for urls, etc.
))
(/usr/local/texlive/2023/texmf-dist/tex/generic/ulem/ulem.sty
\UL@box=\box61
\UL@hyphenbox=\box62
\UL@skip=\skip57
\UL@hook=\toks26
\UL@height=\dimen162
\UL@pe=\count288
\UL@pixel=\dimen163
\ULC@box=\box63
Package: ulem 2019/11/18
\ULdepth=\dimen164
)
(/usr/local/texlive/2023/texmf-dist/tex/latex/graphics/color.sty
Package: color 2022/01/06 v1.3d Standard LaTeX Color (DPC)

(/usr/local/texlive/2023/texmf-dist/tex/latex/graphics-cfg/color.cfg
File: color.cfg 2016/01/02 v1.6 sample color configuration
)
Package color Info: Driver file: pdftex.def on input line 149.

(/usr/local/texlive/2023/texmf-dist/tex/latex/graphics/mathcolor.ltx))
(/usr/local/texlive/2023/texmf-dist/tex/latex/listings/listings.sty
\lst@mode=\count289
\lst@gtempboxa=\box64
\lst@token=\toks27
\lst@length=\count290
\lst@currlwidth=\dimen165
\lst@column=\count291
\lst@pos=\count292
\lst@lostspace=\dimen166
\lst@width=\dimen167
\lst@newlines=\count293
\lst@lineno=\count294
\lst@maxwidth=\dimen168

(/usr/local/texlive/2023/texmf-dist/tex/latex/listings/lstmisc.sty
File: lstmisc.sty 2023/02/27 1.9 (Carsten Heinz)
\c@lstnumber=\count295
\lst@skipnumbers=\count296
\lst@framebox=\box65
)
(/usr/local/texlive/2023/texmf-dist/tex/latex/listings/listings.cfg
File: listings.cfg 2023/02/27 1.9 listings configuration
))
Package: listings 2023/02/27 1.9 (Carsten Heinz)

(./RES_droughts_Morin_ReEn_Diff.aux)
\openout1 = `RES_droughts_Morin_ReEn_Diff.aux'.

LaTeX Font Info:    Checking defaults for OML/cmm/m/it on input line 92.
LaTeX Font Info:    ... okay on input line 92.
LaTeX Font Info:    Checking defaults for OMS/cmsy/m/n on input line 92.
LaTeX Font Info:    ... okay on input line 92.
LaTeX Font Info:    Checking defaults for OT1/cmr/m/n on input line 92.
LaTeX Font Info:    ... okay on input line 92.
LaTeX Font Info:    Checking defaults for T1/cmr/m/n on input line 92.
LaTeX Font Info:    ... okay on input line 92.
LaTeX Font Info:    Checking defaults for TS1/cmr/m/n on input line 92.
LaTeX Font Info:    ... okay on input line 92.
LaTeX Font Info:    Checking defaults for OMX/cmex/m/n on input line 92.
LaTeX Font Info:    ... okay on input line 92.
LaTeX Font Info:    Checking defaults for U/cmr/m/n on input line 92.
LaTeX Font Info:    ... okay on input line 92.

(/usr/local/texlive/2023/texmf-dist/tex/context/base/mkii/supp-pdf.mkii
[Loading MPS to PDF converter (version 2006.09.02).]
\scratchcounter=\count297
\scratchdimen=\dimen169
\scratchbox=\box66
\nofMPsegments=\count298
\nofMParguments=\count299
\everyMPshowfont=\toks28
\MPscratchCnt=\count300
\MPscratchDim=\dimen170
\MPnumerator=\count301
\makeMPintoPDFobject=\count302
\everyMPtoPDFconversion=\toks29
) (/usr/local/texlive/2023/texmf-dist/tex/latex/epstopdf-pkg/epstopdf-base.sty
Package: epstopdf-base 2020-01-24 v2.11 Base part for package epstopdf
Package epstopdf-base Info: Redefining graphics rule for `.eps' on input line 4
85.

(/usr/local/texlive/2023/texmf-dist/tex/latex/latexconfig/epstopdf-sys.cfg
File: epstopdf-sys.cfg 2010/07/13 v1.3 Configuration of (r)epstopdf for TeX Liv
e
))
\c@lstlisting=\count303

[1

{/usr/local/texlive/2023/texmf-var/fonts/map/pdftex/updmap/pdftex.map}{/usr/loc
al/texlive/2023/texmf-dist/fonts/enc/dvips/cm-super/cm-super-t1.enc}{/usr/local
/texlive/2023/texmf-dist/fonts/enc/dvips/cm-super/cm-super-ts1.enc}]
LaTeX Font Info:    Trying to load font information for U+msa on input line 150
.

(/usr/local/texlive/2023/texmf-dist/tex/latex/amsfonts/umsa.fd
File: umsa.fd 2013/01/14 v3.01 AMS symbols A
)
LaTeX Font Info:    Trying to load font information for U+msb on input line 150
.

(/usr/local/texlive/2023/texmf-dist/tex/latex/amsfonts/umsb.fd
File: umsb.fd 2013/01/14 v3.01 AMS symbols B
)
LaTeX Font Info:    Trying to load font information for T1+cmtt on input line 1
50.

(/usr/local/texlive/2023/texmf-dist/tex/latex/base/t1cmtt.fd
File: t1cmtt.fd 2022/07/10 v2.5l Standard LaTeX font definitions
) [1


]
LaTeX Font Info:    Trying to load font information for T1+cmss on input line 1
56.

(/usr/local/texlive/2023/texmf-dist/tex/latex/base/t1cmss.fd
File: t1cmss.fd 2022/07/10 v2.5l Standard LaTeX font definitions
) [2]
Overfull \hbox (31.33043pt too wide) in paragraph at lines 174--186
\T1/cmr/m/n/12 old for a []|   []   |   []   |   []   |   []   |   []   |   [] 
  |   []   |   []   |   []   |   []
 []


Overfull \hbox (9.69276pt too wide) in paragraph at lines 174--186
|   []   |   []   |   []   |   []   |   []   |   []   |   []   |   []   |   [] 
  |   []
 []


Overfull \hbox (11.88235pt too wide) in paragraph at lines 187--213
\T1/cmr/m/n/12 ac-count for sea-sonal vari-a-tions in re-new-able []|   []   | 
  []   |   []
 []


Overfull \hbox (7.50992pt too wide) in paragraph at lines 187--213
|   []   |   []   |   []   |   []   |   []   |   []   |   []   |   []   |   [] 
  |   []   |   []   |   []
 []


Overfull \hbox (2.08073pt too wide) in paragraph at lines 187--213
|   []   |   []   |   []   |   []   |   []   |   []   |   []   |   []   |   [] 
  |   []   |   []   |   []
 []


Overfull \hbox (36.4514pt too wide) in paragraph at lines 187--213
|   []   |   []   |   []   |   []   |   []   |   []   |   []   |   []   |   [] 
  |   []   |   []   |   []
 []


Overfull \hbox (1.71017pt too wide) in paragraph at lines 187--213
|   []   |   []   |   []   |   []   |   []   [][]|   []   |   []   |   []   |  
 []   |   []   |   []   |   []   |   []
 []

[3]
Overfull \hbox (2.55008pt too wide) in paragraph at lines 221--222
|   []   |   []   |   []   |   []   |   []   |   []   |   []   |   []   |   [] 
  |   []   |   []
 []


Overfull \hbox (4.96051pt too wide) in paragraph at lines 223--225
[]\T1/cmr/m/n/12 In this pa-per, the fo-cus is ex-clu-sively on []|   []   |   
[]   |   []   |   []   [][]|   []
 []

[4]
Overfull \hbox (22.7856pt too wide) in paragraph at lines 239--240
[]|   []   |   []   |   []   |   []   |   []   |   []   |   []   |   []   |   [
]   |   []   |   []   |   []   |   []   |   []
 []


LaTeX Warning: Reference `sec:Data' on page 5 undefined on input line 248.


LaTeX Warning: Reference `sec:Methods' on page 5 undefined on input line 248.


LaTeX Warning: Reference `sec:Results' on page 5 undefined on input line 248.


LaTeX Warning: Reference `sec:Conclusion' on page 5 undefined on input line 248
.

[5]

LaTeX Warning: `!h' float specifier changed to `!ht'.

[6]
Overfull \hbox (21.36511pt too wide) in paragraph at lines 293--294
[]\T1/cmr/m/n/12 The EU Coper-ni-cus Cli-mate Change Ser-vice de-vel-oped the [
]|   []   [][]|   []
 []


Overfull \hbox (9.27171pt too wide) in paragraph at lines 295--296
|   []   |   []   |   []   |   []   |   []   |   []   |   []   |   []   |   [] 
  |   []   |   []
 []

[7]
Overfull \hbox (20.66116pt too wide) in paragraph at lines 313--314
[]\T1/cmr/m/n/12 The []|   []   |   []   |   []   |   []   |   []   [][]|   [] 
  |   []   |   []   |   []   |   []
 []

[8] [9] [10]
<../Scripts//droughts_methodology.pdf, id=54, 445.45973pt x 246.67972pt>
File: ../Scripts//droughts_methodology.pdf Graphic file (type pdf)
<use ../Scripts//droughts_methodology.pdf>
Package pdftex.def Info: ../Scripts//droughts_methodology.pdf  used on input li
ne 346.
(pdftex.def)             Requested size: 390.0pt x 215.97595pt.
 [11 <../Scripts//droughts_methodology.pdf>]
<../Scripts//verification_power_curve.pdf, id=74, 443.26425pt x 224.63087pt>
File: ../Scripts//verification_power_curve.pdf Graphic file (type pdf)
<use ../Scripts//verification_power_curve.pdf>
Package pdftex.def Info: ../Scripts//verification_power_curve.pdf  used on inpu
t line 373.
(pdftex.def)             Requested size: 390.0pt x 197.64148pt.
 [12]
<../Scripts//verification_wind_contour.png, id=79, 459.1554pt x 150.5625pt>
File: ../Scripts//verification_wind_contour.png Graphic file (type png)
<use ../Scripts//verification_wind_contour.png>
Package pdftex.def Info: ../Scripts//verification_wind_contour.png  used on inp
ut line 382.
(pdftex.def)             Requested size: 390.0pt x 127.8937pt.
<../Scripts//verification_wind_number_events.pdf, id=81, 445.849pt x 275.13245p
t>
File: ../Scripts//verification_wind_number_events.pdf Graphic file (type pdf)
<use ../Scripts//verification_wind_number_events.pdf>
Package pdftex.def Info: ../Scripts//verification_wind_number_events.pdf  used 
on input line 406.
(pdftex.def)             Requested size: 390.0pt x 240.66891pt.
 [13 <../Scripts//verification_power_curve.pdf>] [14 <../Scripts//verification_
wind_contour.png>] [15 <../Scripts//verification_wind_number_events.pdf>]
<../Scripts//verification_pv_contour.png, id=114, 459.1554pt x 150.5625pt>
File: ../Scripts//verification_pv_contour.png Graphic file (type png)
<use ../Scripts//verification_pv_contour.png>
Package pdftex.def Info: ../Scripts//verification_pv_contour.png  used on input
 line 423.
(pdftex.def)             Requested size: 390.0pt x 127.8937pt.
 [16 <../Scripts//verification_pv_contour.png>]
<../Scripts//verification_pv_number_events.pdf, id=119, 445.849pt x 275.13245pt
>
File: ../Scripts//verification_pv_number_events.pdf Graphic file (type pdf)
<use ../Scripts//verification_pv_number_events.pdf>
Package pdftex.def Info: ../Scripts//verification_pv_number_events.pdf  used on
 input line 447.
(pdftex.def)             Requested size: 390.0pt x 240.66891pt.
 [17 <../Scripts//verification_pv_number_events.pdf>]
[18]
Overfull \hbox (0.44781pt too wide) in paragraph at lines 486--487
\T1/cmr/m/n/12 57W-43PV sce-nario (Fig.[]   []7[]d)[]|   []   |   []   |   []  
 |   []   |   []   |   []   |   []   |   []   |   []
 []


Overfull \hbox (6.59622pt too wide) in paragraph at lines 486--487
|   []   [][]|   []   |   []   |   []   |   []   |   []   |   []   |   []   |  
 []   |   []   []\T1/cmr/m/n/12 across all datasets[]|   []
 []


Overfull \hbox (3.15157pt too wide) in paragraph at lines 486--487
\T1/cmr/m/n/12 52% for []|   []   |   [][][]|   []   |   [][], and 50% for []| 
  []   |   []   |   []   |   []   |   []   |   []
 []


Overfull \hbox (2.4153pt too wide) in paragraph at lines 488--489
[]|   []   |   []   |   []   |   []   |   []   |   []   |   []   |   []   |   [
]   |   []   |   []   |   []
 []

[19]
<../Scripts//droughts_number_events.pdf, id=137, 435.01134pt x 273.54399pt>
File: ../Scripts//droughts_number_events.pdf Graphic file (type pdf)
<use ../Scripts//droughts_number_events.pdf>
Package pdftex.def Info: ../Scripts//droughts_number_events.pdf  used on input 
line 492.
(pdftex.def)             Requested size: 390.0pt x 245.24399pt.
 [20 <../Scripts//droughts_number_events.pdf>] [21]
<../Scripts//droughts_return_periods.pdf, id=156, 434.3668pt x 273.54399pt>
File: ../Scripts//droughts_return_periods.pdf Graphic file (type pdf)
<use ../Scripts//droughts_return_periods.pdf>
Package pdftex.def Info: ../Scripts//droughts_return_periods.pdf  used on input
 line 517.
(pdftex.def)             Requested size: 390.0pt x 245.61546pt.
 [22 <../Scripts//droughts_return_periods.pdf>]
Overfull \hbox (0.65605pt too wide) in paragraph at lines 525--526
|   []   |   []   |   []   |   []   |   []   |   []   |   []   |   []   |   [] 
  |   []   |   []
 []


Overfull \hbox (17.81566pt too wide) in paragraph at lines 529--530
[]\T1/cmr/m/n/12 The []|   []   [][]|   []   |   []   []of RES droughts []|   [
]   |   []   |   []   |   []
 []


Overfull \hbox (24.02103pt too wide) in paragraph at lines 529--530
|   []   |   []   |   []   |   []   |   []   |   []   |   []   |   []   |   [] 
  |   []
 []


Overfull \hbox (151.62608pt too wide) in paragraph at lines 531--533
|   []   |   []   |   []   |   []   |   []   []\T1/cmr/m/n/12 com-pared to only
 4% in win-ter ([]|   [][][]|   []
 []

[23] [24]
<../Scripts//droughts_seasonality.pdf, id=190, 435.01134pt x 273.54399pt>
File: ../Scripts//droughts_seasonality.pdf Graphic file (type pdf)
<use ../Scripts//droughts_seasonality.pdf>
Package pdftex.def Info: ../Scripts//droughts_seasonality.pdf  used on input li
ne 556.
(pdftex.def)             Requested size: 390.0pt x 245.24399pt.

Overfull \hbox (6.98773pt too wide) in paragraph at lines 563--565
|   []   |   []   |   []   |   []   |   []   |   []   |   []   |   []   |   [] 
  |   []   |   []
 []

[25 <../Scripts//droughts_seasonality.pdf>]
Overfull \hbox (5.74246pt too wide) in paragraph at lines 574--576
|   []   |   []   |   []   |   []   |   []   |   []   |   []   |   []   |   [] 
  |   []   |   []   |   []
 []


Overfull \hbox (11.16446pt too wide) in paragraph at lines 574--576
|   []   |   []   |   []   |   []   |   []   |   []   |   []   |   []   |   [] 
  |   []   |   []   |   []
 []


Overfull \hbox (3.19707pt too wide) in paragraph at lines 574--576
|   []   |   []   |   []   |   []   |   []   |   []   |   []   |   []   |   [] 
  |   []
 []

[26]
Overfull \hbox (5.22548pt too wide) in paragraph at lines 580--583
|   []   |   []   |   []   |   []   |   []   |   []   |   []   |   []   |   []
 []

[27]
Overfull \hbox (3.1319pt too wide) in paragraph at lines 584--585
|   []   |   []   |   []   |   []   |   []   |   []   |   []   |   []   |   [] 
  |   []   |   []   |   []
 []

[28] (./RES_droughts_Morin_ReEn_Diff.bbl [29] [30] [31] [32]) [33]
(./RES_droughts_Morin_ReEn_Diff.aux)

LaTeX Warning: There were undefined references.

 ) 
Here is how much of TeX's memory you used:
 6109 strings out of 476025
 92828 string characters out of 5790017
 1950388 words of memory out of 5000000
 26469 multiletter control sequences out of 15000+600000
 527885 words of font info for 73 fonts, out of 8000000 for 9000
 1141 hyphenation exceptions out of 8191
 72i,10n,76p,2862b,495s stack positions out of 10000i,1000n,20000p,200000b,200000s
</usr/local/texlive/2023/texmf-dist/fonts/type1/public/amsfonts/cm/cmmi12.pfb
></usr/local/texlive/2023/texmf-dist/fonts/type1/public/amsfonts/cm/cmmi9.pfb><
/usr/local/texlive/2023/texmf-dist/fonts/type1/public/amsfonts/cm/cmr10.pfb></u
sr/local/texlive/2023/texmf-dist/fonts/type1/public/amsfonts/cm/cmr12.pfb></usr
/local/texlive/2023/texmf-dist/fonts/type1/public/amsfonts/cm/cmr17.pfb></usr/l
ocal/texlive/2023/texmf-dist/fonts/type1/public/amsfonts/cm/cmr8.pfb></usr/loca
l/texlive/2023/texmf-dist/fonts/type1/public/amsfonts/cm/cmr9.pfb></usr/local/t
exlive/2023/texmf-dist/fonts/type1/public/amsfonts/cm/cmsy7.pfb></usr/local/tex
live/2023/texmf-dist/fonts/type1/public/amsfonts/cm/cmsy8.pfb></usr/local/texli
ve/2023/texmf-dist/fonts/type1/public/amsfonts/latxfont/lasy6.pfb></usr/local/t
exlive/2023/texmf-dist/fonts/type1/public/cm-super/sfbx1200.pfb></usr/local/tex
live/2023/texmf-dist/fonts/type1/public/cm-super/sfrm0800.pfb></usr/local/texli
ve/2023/texmf-dist/fonts/type1/public/cm-super/sfrm1000.pfb></usr/local/texlive
/2023/texmf-dist/fonts/type1/public/cm-super/sfrm1200.pfb></usr/local/texlive/2
023/texmf-dist/fonts/type1/public/cm-super/sfrm1728.pfb></usr/local/texlive/202
3/texmf-dist/fonts/type1/public/cm-super/sfss0800.pfb></usr/local/texlive/2023/
texmf-dist/fonts/type1/public/cm-super/sfti0700.pfb></usr/local/texlive/2023/te
xmf-dist/fonts/type1/public/cm-super/sfti1000.pfb></usr/local/texlive/2023/texm
f-dist/fonts/type1/public/cm-super/sfti1200.pfb></usr/local/texlive/2023/texmf-
dist/fonts/type1/public/cm-super/sftt1000.pfb></usr/local/texlive/2023/texmf-di
st/fonts/type1/public/cm-super/sftt1200.pfb>
Output written on RES_droughts_Morin_ReEn_Diff.pdf (34 pages, 742896 bytes).
PDF statistics:
 309 PDF objects out of 1000 (max. 8388607)
 208 compressed objects within 3 object streams
 0 named destinations out of 1000 (max. 500000)
 46 words of extra memory for PDF output out of 10000 (max. 10000000)

