This is pdfTeX, Version 3.141592653-2.6-1.40.26 (TeX Live 2025/dev/Debian) (preloaded format=pdflatex 2025.3.3)  27 MAR 2025 18:37
entering extended mode
 restricted \write18 enabled.
 file:line:error style messages enabled.
 %&-line parsing enabled.
**/home/conor/Documents/RES_droughts/Article/RES_droughts_Morin_ReEn_R2.tex
(/home/conor/Documents/RES_droughts/Article/RES_droughts_Morin_ReEn_R2.tex
LaTeX2e <2024-06-01> patch level 2
L3 programming layer <2024-05-27>
(./elsarticle.cls
Document Class: elsarticle 2025/01/11, 3.4c: Elsevier Ltd
(/usr/share/texlive/texmf-dist/tex/latex/base/fontenc.sty
Package: fontenc 2021/04/29 v2.0v Standard LaTeX package
) (/usr/share/texlive/texmf-dist/tex/latex/l3kernel/expl3.sty
Package: expl3 2024-05-27 L3 programming layer (loader) 
 (/usr/share/texlive/texmf-dist/tex/latex/l3backend/l3backend-pdftex.def
File: l3backend-pdftex.def 2024-05-08 L3 backend support: PDF output (pdfTeX)
\l__color_backend_stack_int=\count194
\l__pdf_internal_box=\box52
)) (/usr/share/texlive/texmf-dist/tex/latex/l3packages/xparse/xparse.sty
Package: xparse 2024-05-08 L3 Experimental document command parser
) (/usr/share/texlive/texmf-dist/tex/latex/etoolbox/etoolbox.sty
Package: etoolbox 2020/10/05 v2.5k e-TeX tools for LaTeX (JAW)
\etb@tempcnta=\count195
)
\@bls=\dimen141
 (/usr/share/texlive/texmf-dist/tex/latex/base/article.cls
Document Class: article 2024/02/08 v1.4n Standard LaTeX document class
(/usr/share/texlive/texmf-dist/tex/latex/base/size12.clo
File: size12.clo 2024/02/08 v1.4n Standard LaTeX file (size option)
)
\c@part=\count196
\c@section=\count197
\c@subsection=\count198
\c@subsubsection=\count199
\c@paragraph=\count266
\c@subparagraph=\count267
\c@figure=\count268
\c@table=\count269
\abovecaptionskip=\skip49
\belowcaptionskip=\skip50
\bibindent=\dimen142
) (/usr/share/texlive/texmf-dist/tex/latex/graphics/graphicx.sty
Package: graphicx 2021/09/16 v1.2d Enhanced LaTeX Graphics (DPC,SPQR)
 (/usr/share/texlive/texmf-dist/tex/latex/graphics/keyval.sty
Package: keyval 2022/05/29 v1.15 key=value parser (DPC)
\KV@toks@=\toks17
) (/usr/share/texlive/texmf-dist/tex/latex/graphics/graphics.sty
Package: graphics 2024/05/23 v1.4g Standard LaTeX Graphics (DPC,SPQR)
 (/usr/share/texlive/texmf-dist/tex/latex/graphics/trig.sty
Package: trig 2023/12/02 v1.11 sin cos tan (DPC)
) (/usr/share/texlive/texmf-dist/tex/latex/graphics-cfg/graphics.cfg
File: graphics.cfg 2016/06/04 v1.11 sample graphics configuration
)
Package graphics Info: Driver file: pdftex.def on input line 106.
 (/usr/share/texlive/texmf-dist/tex/latex/graphics-def/pdftex.def
File: pdftex.def 2024/04/13 v1.2c Graphics/color driver for pdftex
))
\Gin@req@height=\dimen143
\Gin@req@width=\dimen144
)
\c@tnote=\count270
\c@fnote=\count271
\c@cnote=\count272
\c@ead=\count273
\c@elsarticle@author=\count274
\@eadauthor=\toks18
\c@affn=\count275
\absbox=\box53
\elsarticlehighlightsbox=\box54
\elsarticlegrabsbox=\box55
\keybox=\box56
\Columnwidth=\dimen145
\space@left=\dimen146
\els@boxa=\box57
\els@boxb=\box58
\leftMargin=\dimen147
\@enLab=\toks19
\@sep=\skip51
\@@sep=\skip52
 (./RES_droughts_Morin_ReEn_R2.spl) (/usr/share/texlive/texmf-dist/tex/latex/natbib/natbib.sty
Package: natbib 2010/09/13 8.31b (PWD, AO)
\bibhang=\skip53
\bibsep=\skip54
LaTeX Info: Redefining \cite on input line 694.
\c@NAT@ctr=\count276
)
\splwrite=\write3
\openout3 = `RES_droughts_Morin_ReEn_R2.spl'.

\appnamewidth=\dimen148
) (/usr/share/texlive/texmf-dist/tex/latex/amsfonts/amssymb.sty
Package: amssymb 2013/01/14 v3.01 AMS font symbols
 (/usr/share/texlive/texmf-dist/tex/latex/amsfonts/amsfonts.sty
Package: amsfonts 2013/01/14 v3.01 Basic AMSFonts support
\@emptytoks=\toks20
\symAMSa=\mathgroup4
\symAMSb=\mathgroup5
LaTeX Font Info:    Redeclaring math symbol \hbar on input line 98.
LaTeX Font Info:    Overwriting math alphabet `\mathfrak' in version `bold'
(Font)                  U/euf/m/n --> U/euf/b/n on input line 106.
)) (/usr/share/texlive/texmf-dist/tex/latex/amsmath/amsmath.sty
Package: amsmath 2024/05/23 v2.17q AMS math features
\@mathmargin=\skip55

For additional information on amsmath, use the `?' option.
(/usr/share/texlive/texmf-dist/tex/latex/amsmath/amstext.sty
Package: amstext 2021/08/26 v2.01 AMS text
 (/usr/share/texlive/texmf-dist/tex/latex/amsmath/amsgen.sty
File: amsgen.sty 1999/11/30 v2.0 generic functions
\@emptytoks=\toks21
\ex@=\dimen149
)) (/usr/share/texlive/texmf-dist/tex/latex/amsmath/amsbsy.sty
Package: amsbsy 1999/11/29 v1.2d Bold Symbols
\pmbraise@=\dimen150
) (/usr/share/texlive/texmf-dist/tex/latex/amsmath/amsopn.sty
Package: amsopn 2022/04/08 v2.04 operator names
)
\inf@bad=\count277
LaTeX Info: Redefining \frac on input line 233.
\uproot@=\count278
\leftroot@=\count279
LaTeX Info: Redefining \overline on input line 398.
LaTeX Info: Redefining \colon on input line 409.
\classnum@=\count280
\DOTSCASE@=\count281
LaTeX Info: Redefining \ldots on input line 495.
LaTeX Info: Redefining \dots on input line 498.
LaTeX Info: Redefining \cdots on input line 619.
\Mathstrutbox@=\box59
\strutbox@=\box60
LaTeX Info: Redefining \big on input line 721.
LaTeX Info: Redefining \Big on input line 722.
LaTeX Info: Redefining \bigg on input line 723.
LaTeX Info: Redefining \Bigg on input line 724.
\big@size=\dimen151
LaTeX Font Info:    Redeclaring font encoding OML on input line 742.
LaTeX Font Info:    Redeclaring font encoding OMS on input line 743.
\macc@depth=\count282
LaTeX Info: Redefining \bmod on input line 904.
LaTeX Info: Redefining \pmod on input line 909.
LaTeX Info: Redefining \smash on input line 939.
LaTeX Info: Redefining \relbar on input line 969.
LaTeX Info: Redefining \Relbar on input line 970.
\c@MaxMatrixCols=\count283
\dotsspace@=\muskip17
\c@parentequation=\count284
\dspbrk@lvl=\count285
\tag@help=\toks22
\row@=\count286
\column@=\count287
\maxfields@=\count288
\andhelp@=\toks23
\eqnshift@=\dimen152
\alignsep@=\dimen153
\tagshift@=\dimen154
\tagwidth@=\dimen155
\totwidth@=\dimen156
\lineht@=\dimen157
\@envbody=\toks24
\multlinegap=\skip56
\multlinetaggap=\skip57
\mathdisplay@stack=\toks25
LaTeX Info: Redefining \[ on input line 2953.
LaTeX Info: Redefining \] on input line 2954.
) (/usr/share/texlive/texmf-dist/tex/latex/lineno/lineno.sty
Package: lineno 2023/05/20 line numbers on paragraphs v5.3
 (/usr/share/texlive/texmf-dist/tex/latex/kvoptions/kvoptions.sty
Package: kvoptions 2022-06-15 v3.15 Key value format for package options (HO)
 (/usr/share/texlive/texmf-dist/tex/generic/ltxcmds/ltxcmds.sty
Package: ltxcmds 2023-12-04 v1.26 LaTeX kernel commands for general use (HO)
) (/usr/share/texlive/texmf-dist/tex/latex/kvsetkeys/kvsetkeys.sty
Package: kvsetkeys 2022-10-05 v1.19 Key value parser (HO)
))
\linenopenalty=\count289
\output=\toks26
\linenoprevgraf=\count290
\linenumbersep=\dimen158
\linenumberwidth=\dimen159
\c@linenumber=\count291
\c@pagewiselinenumber=\count292
\c@LN@truepage=\count293
\c@internallinenumber=\count294
\c@internallinenumbers=\count295
\quotelinenumbersep=\dimen160
\bframerule=\dimen161
\bframesep=\dimen162
\bframebox=\box61
\linenoamsmath@ams@eqpen=\count296
LaTeX Info: Redefining \\ on input line 3180.
) (/usr/share/texlive/texmf-dist/tex/latex/xurl/xurl.sty
Package: xurl 2022/01/09 v 0.10 modify URL breaks
 (/usr/share/texlive/texmf-dist/tex/latex/url/url.sty
\Urlmuskip=\muskip18
Package: url 2013/09/16  ver 3.4  Verb mode for urls, etc.
)) (./RES_droughts_Morin_ReEn_R2.aux)
\openout1 = `RES_droughts_Morin_ReEn_R2.aux'.

LaTeX Font Info:    Checking defaults for OML/cmm/m/it on input line 52.
LaTeX Font Info:    ... okay on input line 52.
LaTeX Font Info:    Checking defaults for OMS/cmsy/m/n on input line 52.
LaTeX Font Info:    ... okay on input line 52.
LaTeX Font Info:    Checking defaults for OT1/cmr/m/n on input line 52.
LaTeX Font Info:    ... okay on input line 52.
LaTeX Font Info:    Checking defaults for T1/cmr/m/n on input line 52.
LaTeX Font Info:    ... okay on input line 52.
LaTeX Font Info:    Checking defaults for TS1/cmr/m/n on input line 52.
LaTeX Font Info:    ... okay on input line 52.
LaTeX Font Info:    Checking defaults for OMX/cmex/m/n on input line 52.
LaTeX Font Info:    ... okay on input line 52.
LaTeX Font Info:    Checking defaults for U/cmr/m/n on input line 52.
LaTeX Font Info:    ... okay on input line 52.
 (/usr/share/texlive/texmf-dist/tex/context/base/mkii/supp-pdf.mkii
[Loading MPS to PDF converter (version 2006.09.02).]
\scratchcounter=\count297
\scratchdimen=\dimen163
\scratchbox=\box62
\nofMPsegments=\count298
\nofMParguments=\count299
\everyMPshowfont=\toks27
\MPscratchCnt=\count300
\MPscratchDim=\dimen164
\MPnumerator=\count301
\makeMPintoPDFobject=\count302
\everyMPtoPDFconversion=\toks28
) (/usr/share/texlive/texmf-dist/tex/latex/epstopdf-pkg/epstopdf-base.sty
Package: epstopdf-base 2020-01-24 v2.11 Base part for package epstopdf
Package epstopdf-base Info: Redefining graphics rule for `.eps' on input line 485.
 (/usr/share/texlive/texmf-dist/tex/latex/latexconfig/epstopdf-sys.cfg
File: epstopdf-sys.cfg 2010/07/13 v1.3 Configuration of (r)epstopdf for TeX Live
))

[1

{/var/lib/texmf/fonts/map/pdftex/updmap/pdftex.map}]
LaTeX Font Info:    Trying to load font information for U+msa on input line 110.
 (/usr/share/texlive/texmf-dist/tex/latex/amsfonts/umsa.fd
File: umsa.fd 2013/01/14 v3.01 AMS symbols A
)
LaTeX Font Info:    Trying to load font information for U+msb on input line 110.
 (/usr/share/texlive/texmf-dist/tex/latex/amsfonts/umsb.fd
File: umsb.fd 2013/01/14 v3.01 AMS symbols B
)
LaTeX Font Info:    Trying to load font information for T1+cmtt on input line 110.
 (/usr/share/texlive/texmf-dist/tex/latex/base/t1cmtt.fd
File: t1cmtt.fd 2023/04/13 v2.5m Standard LaTeX font definitions
)

[1


]
LaTeX Font Info:    Trying to load font information for T1+cmss on input line 116.
 (/usr/share/texlive/texmf-dist/tex/latex/base/t1cmss.fd
File: t1cmss.fd 2023/04/13 v2.5m Standard LaTeX font definitions
)

[2]

[3]

[4]

[5]

[6]

[7]

[8]
<../Scripts/droughts_methodology.pdf, id=47, 445.45973pt x 246.67972pt>
File: ../Scripts/droughts_methodology.pdf Graphic file (type pdf)
<use ../Scripts/droughts_methodology.pdf>
Package pdftex.def Info: ../Scripts/droughts_methodology.pdf  used on input line 227.
(pdftex.def)             Requested size: 390.0pt x 215.97595pt.


[9]

[10 <../Scripts/droughts_methodology.pdf>]
<../Scripts/verification_power_curve.pdf, id=70, 443.26425pt x 224.63087pt>
File: ../Scripts/verification_power_curve.pdf Graphic file (type pdf)
<use ../Scripts/verification_power_curve.pdf>
Package pdftex.def Info: ../Scripts/verification_power_curve.pdf  used on input line 251.
(pdftex.def)             Requested size: 390.0pt x 197.64148pt.
<../Scripts/verification_wind_contour.png, id=71, 459.1554pt x 150.5625pt>
File: ../Scripts/verification_wind_contour.png Graphic file (type png)
<use ../Scripts/verification_wind_contour.png>
Package pdftex.def Info: ../Scripts/verification_wind_contour.png  used on input line 260.
(pdftex.def)             Requested size: 390.0pt x 127.8937pt.


[11 <../Scripts/verification_power_curve.pdf>]
<../Scripts/verification_wind_number_events.pdf, id=91, 445.849pt x 275.13245pt>
File: ../Scripts/verification_wind_number_events.pdf Graphic file (type pdf)
<use ../Scripts/verification_wind_number_events.pdf>
Package pdftex.def Info: ../Scripts/verification_wind_number_events.pdf  used on input line 284.
(pdftex.def)             Requested size: 390.0pt x 240.66891pt.


[12 <../Scripts/verification_wind_contour.png>]

[13 <../Scripts/verification_wind_number_events.pdf>]
<../Scripts/verification_pv_contour.png, id=107, 459.1554pt x 150.5625pt>
File: ../Scripts/verification_pv_contour.png Graphic file (type png)
<use ../Scripts/verification_pv_contour.png>
Package pdftex.def Info: ../Scripts/verification_pv_contour.png  used on input line 300.
(pdftex.def)             Requested size: 390.0pt x 127.8937pt.


[14 <../Scripts/verification_pv_contour.png>]
<../Scripts/verification_pv_number_events.pdf, id=112, 445.849pt x 275.13245pt>
File: ../Scripts/verification_pv_number_events.pdf Graphic file (type pdf)
<use ../Scripts/verification_pv_number_events.pdf>
Package pdftex.def Info: ../Scripts/verification_pv_number_events.pdf  used on input line 324.
(pdftex.def)             Requested size: 390.0pt x 240.66891pt.


[15 <../Scripts/verification_pv_number_events.pdf>]

[16]
<../Scripts/droughts_number_events.pdf, id=126, 435.01134pt x 273.54399pt>
File: ../Scripts/droughts_number_events.pdf Graphic file (type pdf)
<use ../Scripts/droughts_number_events.pdf>
Package pdftex.def Info: ../Scripts/droughts_number_events.pdf  used on input line 346.
(pdftex.def)             Requested size: 390.0pt x 245.24399pt.


[17 <../Scripts/droughts_number_events.pdf>]
<../Scripts/droughts_return_periods.pdf, id=142, 434.3668pt x 273.54399pt>
File: ../Scripts/droughts_return_periods.pdf Graphic file (type pdf)
<use ../Scripts/droughts_return_periods.pdf>
Package pdftex.def Info: ../Scripts/droughts_return_periods.pdf  used on input line 361.
(pdftex.def)             Requested size: 390.0pt x 245.61546pt.


[18]

[19 <../Scripts/droughts_return_periods.pdf>]
<../Scripts/droughts_seasonality.pdf, id=172, 435.01134pt x 273.54399pt>
File: ../Scripts/droughts_seasonality.pdf Graphic file (type pdf)
<use ../Scripts/droughts_seasonality.pdf>
Package pdftex.def Info: ../Scripts/droughts_seasonality.pdf  used on input line 380.
(pdftex.def)             Requested size: 390.0pt x 245.24399pt.


[20]

[21 <../Scripts/droughts_seasonality.pdf>]

[22] (./RES_droughts_Morin_ReEn_R2.bbl

[23]

[24]

[25])

[26] (./RES_droughts_Morin_ReEn_R2.aux)
 ***********
LaTeX2e <2024-06-01> patch level 2
L3 programming layer <2024-05-27>
 ***********
 ) 
Here is how much of TeX's memory you used:
 4914 strings out of 475544
 75243 string characters out of 5777742
 1941905 words of memory out of 5000000
 27485 multiletter control sequences out of 15000+600000
 573561 words of font info for 76 fonts, out of 8000000 for 9000
 14 hyphenation exceptions out of 8191
 72i,10n,79p,1513b,481s stack positions out of 10000i,1000n,20000p,200000b,200000s
 </home/conor/.texlive2024/texmf-var/fonts/pk/ljfour/jknappen/ec/ectt1200.600pk> </home/conor/.texlive2024/texmf-var/fonts/pk/ljfour/jknappen/ec/ecss0800.450pk> </home/conor/.texlive2024/texmf-var/fonts/pk/ljfour/jknappen/ec/ecti1200.600pk> </home/conor/.texlive2024/texmf-var/fonts/pk/ljfour/jknappen/ec/ectt1000.600pk> </home/conor/.texlive2024/texmf-var/fonts/pk/ljfour/jknappen/ec/ecrm1000.600pk> </home/conor/.texlive2024/texmf-var/fonts/pk/ljfour/jknappen/ec/ecti1000.600pk> </home/conor/.texlive2024/texmf-var/fonts/pk/ljfour/jknappen/ec/ecti0700.600pk> </home/conor/.texlive2024/texmf-var/fonts/pk/ljfour/jknappen/ec/ecrm0800.600pk> </home/conor/.texlive2024/texmf-var/fonts/pk/ljfour/jknappen/ec/tcrm1200.600pk> </home/conor/.texlive2024/texmf-var/fonts/pk/ljfour/jknappen/ec/ecrm1200.600pk> </home/conor/.texlive2024/texmf-var/fonts/pk/ljfour/jknappen/ec/ecbx1200.600pk> </home/conor/.texlive2024/texmf-var/fonts/pk/ljfour/jknappen/ec/ecrm1728.600pk></usr/share/texlive/texmf-dist/fonts/type1/public/amsfonts/cm/cmmi12.pfb></usr/share/texlive/texmf-dist/fonts/type1/public/amsfonts/cm/cmmi9.pfb></usr/share/texlive/texmf-dist/fonts/type1/public/amsfonts/cm/cmr10.pfb></usr/share/texlive/texmf-dist/fonts/type1/public/amsfonts/cm/cmr12.pfb></usr/share/texlive/texmf-dist/fonts/type1/public/amsfonts/cm/cmr17.pfb></usr/share/texlive/texmf-dist/fonts/type1/public/amsfonts/cm/cmr8.pfb></usr/share/texlive/texmf-dist/fonts/type1/public/amsfonts/cm/cmr9.pfb></usr/share/texlive/texmf-dist/fonts/type1/public/amsfonts/cm/cmsy7.pfb></usr/share/texlive/texmf-dist/fonts/type1/public/amsfonts/cm/cmsy8.pfb>
Output written on RES_droughts_Morin_ReEn_R2.pdf (27 pages, 529460 bytes).
PDF statistics:
 650 PDF objects out of 1000 (max. 8388607)
 201 compressed objects within 3 object streams
 0 named destinations out of 1000 (max. 500000)
 46 words of extra memory for PDF output out of 10000 (max. 10000000)

