This is pdfTeX, Version 3.141592653-2.6-1.40.22 (TeX Live 2022/dev/Debian) (preloaded format=pdflatex 2024.3.15)  14 APR 2025 20:07
entering extended mode
 restricted \write18 enabled.
 %&-line parsing enabled.
**RES_droughts_Morin_ReEn_Review_Difference.tex
(./RES_droughts_Morin_ReEn_Review_Difference.tex
LaTeX2e <2021-11-15> patch level 1
L3 programming layer <2022-01-21> (./elsarticle.cls
Document Class: elsarticle 2025/01/11, 3.4c: Elsevier Ltd
(/usr/share/texlive/texmf-dist/tex/latex/base/fontenc.sty
Package: fontenc 2021/04/29 v2.0v Standard LaTeX package
)
(/usr/share/texlive/texmf-dist/tex/latex/l3kernel/expl3.sty
Package: expl3 2022-01-21 L3 programming layer (loader) 

(/usr/share/texlive/texmf-dist/tex/latex/l3backend/l3backend-pdftex.def
File: l3backend-pdftex.def 2022-01-12 L3 backend support: PDF output (pdfTeX)
\l__color_backend_stack_int=\count185
\l__pdf_internal_box=\box50
))
(/usr/share/texlive/texmf-dist/tex/latex/l3packages/xparse/xparse.sty
Package: xparse 2022-01-12 L3 Experimental document command parser
)
(/usr/share/texlive/texmf-dist/tex/latex/etoolbox/etoolbox.sty
Package: etoolbox 2020/10/05 v2.5k e-TeX tools for LaTeX (JAW)
\etb@tempcnta=\count186
)
\@bls=\dimen138

(/usr/share/texlive/texmf-dist/tex/latex/base/article.cls
Document Class: article 2021/10/04 v1.4n Standard LaTeX document class
(/usr/share/texlive/texmf-dist/tex/latex/base/size12.clo
File: size12.clo 2021/10/04 v1.4n Standard LaTeX file (size option)
)
\c@part=\count187
\c@section=\count188
\c@subsection=\count189
\c@subsubsection=\count190
\c@paragraph=\count191
\c@subparagraph=\count192
\c@figure=\count193
\c@table=\count194
\abovecaptionskip=\skip47
\belowcaptionskip=\skip48
\bibindent=\dimen139
)
(/usr/share/texlive/texmf-dist/tex/latex/graphics/graphicx.sty
Package: graphicx 2021/09/16 v1.2d Enhanced LaTeX Graphics (DPC,SPQR)

(/usr/share/texlive/texmf-dist/tex/latex/graphics/keyval.sty
Package: keyval 2014/10/28 v1.15 key=value parser (DPC)
\KV@toks@=\toks16
)
(/usr/share/texlive/texmf-dist/tex/latex/graphics/graphics.sty
Package: graphics 2021/03/04 v1.4d Standard LaTeX Graphics (DPC,SPQR)

(/usr/share/texlive/texmf-dist/tex/latex/graphics/trig.sty
Package: trig 2021/08/11 v1.11 sin cos tan (DPC)
)
(/usr/share/texlive/texmf-dist/tex/latex/graphics-cfg/graphics.cfg
File: graphics.cfg 2016/06/04 v1.11 sample graphics configuration
)
Package graphics Info: Driver file: pdftex.def on input line 107.

(/usr/share/texlive/texmf-dist/tex/latex/graphics-def/pdftex.def
File: pdftex.def 2020/10/05 v1.2a Graphics/color driver for pdftex
))
\Gin@req@height=\dimen140
\Gin@req@width=\dimen141
)
\c@tnote=\count195
\c@fnote=\count196
\c@cnote=\count197
\c@ead=\count198
\c@elsarticle@author=\count199
\@eadauthor=\toks17
\c@affn=\count266
\absbox=\box51
\elsarticlehighlightsbox=\box52
\elsarticlegrabsbox=\box53
\keybox=\box54
\Columnwidth=\dimen142
\space@left=\dimen143
\els@boxa=\box55
\els@boxb=\box56
\leftMargin=\dimen144
\@enLab=\toks18
\@sep=\skip49
\@@sep=\skip50

(./RES_droughts_Morin_ReEn_Review_Difference.spl)
(/usr/share/texlive/texmf-dist/tex/latex/natbib/natbib.sty
Package: natbib 2010/09/13 8.31b (PWD, AO)
\bibhang=\skip51
\bibsep=\skip52
LaTeX Info: Redefining \cite on input line 694.
\c@NAT@ctr=\count267
)
\splwrite=\write3
\openout3 = `RES_droughts_Morin_ReEn_Review_Difference.spl'.

\appnamewidth=\dimen145
)
(/usr/share/texlive/texmf-dist/tex/latex/amsfonts/amssymb.sty
Package: amssymb 2013/01/14 v3.01 AMS font symbols

(/usr/share/texlive/texmf-dist/tex/latex/amsfonts/amsfonts.sty
Package: amsfonts 2013/01/14 v3.01 Basic AMSFonts support
\@emptytoks=\toks19
\symAMSa=\mathgroup4
\symAMSb=\mathgroup5
LaTeX Font Info:    Redeclaring math symbol \hbar on input line 98.
LaTeX Font Info:    Overwriting math alphabet `\mathfrak' in version `bold'
(Font)                  U/euf/m/n --> U/euf/b/n on input line 106.
))
(/usr/share/texlive/texmf-dist/tex/latex/amsmath/amsmath.sty
Package: amsmath 2021/10/15 v2.17l AMS math features
\@mathmargin=\skip53

For additional information on amsmath, use the `?' option.
(/usr/share/texlive/texmf-dist/tex/latex/amsmath/amstext.sty
Package: amstext 2021/08/26 v2.01 AMS text

(/usr/share/texlive/texmf-dist/tex/latex/amsmath/amsgen.sty
File: amsgen.sty 1999/11/30 v2.0 generic functions
\@emptytoks=\toks20
\ex@=\dimen146
))
(/usr/share/texlive/texmf-dist/tex/latex/amsmath/amsbsy.sty
Package: amsbsy 1999/11/29 v1.2d Bold Symbols
\pmbraise@=\dimen147
)
(/usr/share/texlive/texmf-dist/tex/latex/amsmath/amsopn.sty
Package: amsopn 2021/08/26 v2.02 operator names
)
\inf@bad=\count268
LaTeX Info: Redefining \frac on input line 234.
\uproot@=\count269
\leftroot@=\count270
LaTeX Info: Redefining \overline on input line 399.
\classnum@=\count271
\DOTSCASE@=\count272
LaTeX Info: Redefining \ldots on input line 496.
LaTeX Info: Redefining \dots on input line 499.
LaTeX Info: Redefining \cdots on input line 620.
\Mathstrutbox@=\box57
\strutbox@=\box58
\big@size=\dimen148
LaTeX Font Info:    Redeclaring font encoding OML on input line 743.
LaTeX Font Info:    Redeclaring font encoding OMS on input line 744.
\macc@depth=\count273
\c@MaxMatrixCols=\count274
\dotsspace@=\muskip16
\c@parentequation=\count275
\dspbrk@lvl=\count276
\tag@help=\toks21
\row@=\count277
\column@=\count278
\maxfields@=\count279
\andhelp@=\toks22
\eqnshift@=\dimen149
\alignsep@=\dimen150
\tagshift@=\dimen151
\tagwidth@=\dimen152
\totwidth@=\dimen153
\lineht@=\dimen154
\@envbody=\toks23
\multlinegap=\skip54
\multlinetaggap=\skip55
\mathdisplay@stack=\toks24
LaTeX Info: Redefining \[ on input line 2938.
LaTeX Info: Redefining \] on input line 2939.
)
(/usr/share/texlive/texmf-dist/tex/latex/lineno/lineno.sty
Package: lineno 2005/11/02 line numbers on paragraphs v4.41
\linenopenalty=\count280
\output=\toks25
\linenoprevgraf=\count281
\linenumbersep=\dimen155
\linenumberwidth=\dimen156
\c@linenumber=\count282
\c@pagewiselinenumber=\count283
\c@LN@truepage=\count284
\c@internallinenumber=\count285
\c@internallinenumbers=\count286
\quotelinenumbersep=\dimen157
\bframerule=\dimen158
\bframesep=\dimen159
\bframebox=\box59
LaTeX Info: Redefining \\ on input line 3056.
)
(/usr/share/texlive/texmf-dist/tex/latex/xurl/xurl.sty
Package: xurl 2022/01/09 v 0.10 modify URL breaks

(/usr/share/texlive/texmf-dist/tex/latex/url/url.sty
\Urlmuskip=\muskip17
Package: url 2013/09/16  ver 3.4  Verb mode for urls, etc.
))
(/usr/share/texlive/texmf-dist/tex/generic/ulem/ulem.sty
\UL@box=\box60
\UL@hyphenbox=\box61
\UL@skip=\skip56
\UL@hook=\toks26
\UL@height=\dimen160
\UL@pe=\count287
\UL@pixel=\dimen161
\ULC@box=\box62
Package: ulem 2019/11/18
\ULdepth=\dimen162
)
(/usr/share/texlive/texmf-dist/tex/latex/graphics/color.sty
Package: color 2021/12/07 v1.3c Standard LaTeX Color (DPC)

(/usr/share/texlive/texmf-dist/tex/latex/graphics-cfg/color.cfg
File: color.cfg 2016/01/02 v1.6 sample color configuration
)
Package color Info: Driver file: pdftex.def on input line 149.
)
(/usr/share/texlive/texmf-dist/tex/latex/listings/listings.sty
\lst@mode=\count288
\lst@gtempboxa=\box63
\lst@token=\toks27
\lst@length=\count289
\lst@currlwidth=\dimen163
\lst@column=\count290
\lst@pos=\count291
\lst@lostspace=\dimen164
\lst@width=\dimen165
\lst@newlines=\count292
\lst@lineno=\count293
\lst@maxwidth=\dimen166

(/usr/share/texlive/texmf-dist/tex/latex/listings/lstmisc.sty
File: lstmisc.sty 2020/03/24 1.8d (Carsten Heinz)
\c@lstnumber=\count294
\lst@skipnumbers=\count295
\lst@framebox=\box64
)
(/usr/share/texlive/texmf-dist/tex/latex/listings/listings.cfg
File: listings.cfg 2020/03/24 1.8d listings configuration
))
Package: listings 2020/03/24 1.8d (Carsten Heinz)

(./RES_droughts_Morin_ReEn_Review_Difference.aux)
\openout1 = `RES_droughts_Morin_ReEn_Review_Difference.aux'.

LaTeX Font Info:    Checking defaults for OML/cmm/m/it on input line 92.
LaTeX Font Info:    ... okay on input line 92.
LaTeX Font Info:    Checking defaults for OMS/cmsy/m/n on input line 92.
LaTeX Font Info:    ... okay on input line 92.
LaTeX Font Info:    Checking defaults for OT1/cmr/m/n on input line 92.
LaTeX Font Info:    ... okay on input line 92.
LaTeX Font Info:    Checking defaults for T1/cmr/m/n on input line 92.
LaTeX Font Info:    ... okay on input line 92.
LaTeX Font Info:    Checking defaults for TS1/cmr/m/n on input line 92.
LaTeX Font Info:    ... okay on input line 92.
LaTeX Font Info:    Checking defaults for OMX/cmex/m/n on input line 92.
LaTeX Font Info:    ... okay on input line 92.
LaTeX Font Info:    Checking defaults for U/cmr/m/n on input line 92.
LaTeX Font Info:    ... okay on input line 92.

(/usr/share/texlive/texmf-dist/tex/context/base/mkii/supp-pdf.mkii
[Loading MPS to PDF converter (version 2006.09.02).]
\scratchcounter=\count296
\scratchdimen=\dimen167
\scratchbox=\box65
\nofMPsegments=\count297
\nofMParguments=\count298
\everyMPshowfont=\toks28
\MPscratchCnt=\count299
\MPscratchDim=\dimen168
\MPnumerator=\count300
\makeMPintoPDFobject=\count301
\everyMPtoPDFconversion=\toks29
) (/usr/share/texlive/texmf-dist/tex/latex/epstopdf-pkg/epstopdf-base.sty
Package: epstopdf-base 2020-01-24 v2.11 Base part for package epstopdf
Package epstopdf-base Info: Redefining graphics rule for `.eps' on input line 4
85.

(/usr/share/texlive/texmf-dist/tex/latex/latexconfig/epstopdf-sys.cfg
File: epstopdf-sys.cfg 2010/07/13 v1.3 Configuration of (r)epstopdf for TeX Liv
e
))
\c@lstlisting=\count302

[1

{/var/lib/texmf/fonts/map/pdftex/updmap/pdftex.map}]
LaTeX Font Info:    Trying to load font information for U+msa on input line 150
.

(/usr/share/texlive/texmf-dist/tex/latex/amsfonts/umsa.fd
File: umsa.fd 2013/01/14 v3.01 AMS symbols A
)
LaTeX Font Info:    Trying to load font information for U+msb on input line 150
.

(/usr/share/texlive/texmf-dist/tex/latex/amsfonts/umsb.fd
File: umsb.fd 2013/01/14 v3.01 AMS symbols B
)
LaTeX Font Info:    Trying to load font information for T1+cmtt on input line 1
50.

(/usr/share/texlive/texmf-dist/tex/latex/base/t1cmtt.fd
File: t1cmtt.fd 2019/12/16 v2.5j Standard LaTeX font definitions
) [1


]
LaTeX Font Info:    Trying to load font information for T1+cmss on input line 1
56.

(/usr/share/texlive/texmf-dist/tex/latex/base/t1cmss.fd
File: t1cmss.fd 2019/12/16 v2.5j Standard LaTeX font definitions
)

Package natbib Warning: Citation `bloomfield2016' on page 2 undefined on input 
line 164.


Package natbib Warning: Citation `bloomfield2021' on page 2 undefined on input 
line 164.

[2]
Overfull \hbox (24.36493pt too wide) in paragraph at lines 171--183
|   []   |   []   |   []   |   []   |   []   |   []   |   []   |   []   |   [] 
  |   []   |   []
 []


Overfull \hbox (8.61928pt too wide) in paragraph at lines 184--210
\T1/cmr/m/n/12 ac-count for sea-sonal vari-a-tions in re-new-able []|   []   | 
  []      |   []
 []


Overfull \hbox (10.04968pt too wide) in paragraph at lines 184--210
|   []   |   []   |   []   |   []   |   []   |   []   |   []   |   []   |   [] 
  |   []   |   []
 []


Overfull \hbox (5.76576pt too wide) in paragraph at lines 184--210
|   []   |   []   |   []   |   []   |   []   |   []   |   []   |   []   |   [] 
  |   []   |   []   |   []
 []


Overfull \hbox (8.67906pt too wide) in paragraph at lines 184--210
|   []   |   []   |   []   |   []   |   []   |   []   |   []   |   []   |   [] 
  |   []
 []

[3]
Overfull \hbox (2.55008pt too wide) in paragraph at lines 218--219
|   []   |   []   |   []   |   []   |   []   |   []   |   []   |   []   |   [] 
  |   []   |   []
 []


Overfull \hbox (4.96051pt too wide) in paragraph at lines 220--222
[]\T1/cmr/m/n/12 In this pa-per, the fo-cus is ex-clu-sively on []|   []   |   
[]   |   []   |   []   [][]|   []
 []

[4]
Overfull \hbox (22.7856pt too wide) in paragraph at lines 236--237
[]|   []   |   []   |   []   |   []   |   []   |   []   |   []   |   []   |   [
]   |   []   |   []   |   []   |   []   |   []
 []


Overfull \hbox (1.66132pt too wide) in paragraph at lines 241--241
[]|   []   |   []   |   []   |   []   |   []   |   []   |   []   |   []   |   [
]   |   []   |   []
 []


LaTeX Warning: Reference `sec:Data' on page 5 undefined on input line 244.


LaTeX Warning: Reference `sec:Methods' on page 5 undefined on input line 244.


LaTeX Warning: Reference `sec:Results' on page 5 undefined on input line 244.


LaTeX Warning: Reference `sec:Conclusion' on page 5 undefined on input line 244
.

[5]

LaTeX Warning: `!h' float specifier changed to `!ht'.


Overfull \hbox (21.36511pt too wide) in paragraph at lines 287--288
[]\T1/cmr/m/n/12 The EU Coper-ni-cus Cli-mate Change Ser-vice de-vel-oped the [
]|   []   [][]|   []
 []

[6]
Overfull \hbox (2.63779pt too wide) in paragraph at lines 289--290
[]\T1/cmr/m/n/12 The []|   []   |   []   |   []   |   []   |   []   [][]|   [] 
  |   []   |   []   |   []   |   []   |   []
 []

[7] [8] [9] [10]
<../Scripts//droughts_methodology.pdf, id=54, 445.45973pt x 246.67972pt>
File: ../Scripts//droughts_methodology.pdf Graphic file (type pdf)
<use ../Scripts//droughts_methodology.pdf>
Package pdftex.def Info: ../Scripts//droughts_methodology.pdf  used on input li
ne 346.
(pdftex.def)             Requested size: 390.0pt x 215.97595pt.
 [11 <../Scripts//droughts_methodology.pdf>]
<../Scripts//violin_plots_verification.pdf, id=74, 443.71472pt x 202.83685pt>
File: ../Scripts//violin_plots_verification.pdf Graphic file (type pdf)
<use ../Scripts//violin_plots_verification.pdf>
Package pdftex.def Info: ../Scripts//violin_plots_verification.pdf  used on inp
ut line 367.
(pdftex.def)             Requested size: 390.0pt x 178.2896pt.
 [12 <../Scripts//violin_plots_verification.pdf>]
<../Scripts//verification_power_curve.pdf, id=94, 443.26425pt x 224.63087pt>
File: ../Scripts//verification_power_curve.pdf Graphic file (type pdf)
<use ../Scripts//verification_power_curve.pdf>
Package pdftex.def Info: ../Scripts//verification_power_curve.pdf  used on inpu
t line 382.
(pdftex.def)             Requested size: 390.0pt x 197.64148pt.
 [13 <../Scripts//verification_power_curve.pdf>]
<../Scripts//verification_wind_contour.png, id=111, 459.1554pt x 150.5625pt>
File: ../Scripts//verification_wind_contour.png Graphic file (type png)
<use ../Scripts//verification_wind_contour.png>
Package pdftex.def Info: ../Scripts//verification_wind_contour.png  used on inp
ut line 391.
(pdftex.def)             Requested size: 390.0pt x 127.8937pt.
<../Scripts//verification_wind_number_events.pdf, id=113, 445.849pt x 275.13245
pt>
File: ../Scripts//verification_wind_number_events.pdf Graphic file (type pdf)
<use ../Scripts//verification_wind_number_events.pdf>
Package pdftex.def Info: ../Scripts//verification_wind_number_events.pdf  used 
on input line 415.
(pdftex.def)             Requested size: 390.0pt x 240.66891pt.

[14 <../Scripts//verification_wind_contour.png>] [15 <../Scripts//verification_
wind_number_events.pdf>]
<../Scripts//verification_pv_contour.png, id=128, 459.1554pt x 150.5625pt>
File: ../Scripts//verification_pv_contour.png Graphic file (type png)
<use ../Scripts//verification_pv_contour.png>
Package pdftex.def Info: ../Scripts//verification_pv_contour.png  used on input
 line 432.
(pdftex.def)             Requested size: 390.0pt x 127.8937pt.

Overfull \hbox (10.82855pt too wide) in paragraph at lines 437--438
|   []   |   []   |   []   |   []   |   []   |   []   |   []   |   []   |   [] 
  |   []   |   []   |   []
 []

[16 <../Scripts//verification_pv_contour.png>]
<../Scripts//verification_pv_number_events.pdf, id=133, 445.849pt x 275.13245pt
>
File: ../Scripts//verification_pv_number_events.pdf Graphic file (type pdf)
<use ../Scripts//verification_pv_number_events.pdf>
Package pdftex.def Info: ../Scripts//verification_pv_number_events.pdf  used on
 input line 459.
(pdftex.def)             Requested size: 390.0pt x 240.66891pt.

Overfull \hbox (35.0504pt too wide) in paragraph at lines 470--472
|   []   |   []   |   []   |   []   |   []   |   []   |   []   |   []
 []

[17]
Overfull \hbox (7.29694pt too wide) in paragraph at lines 477--478
\T1/cmr/m/n/12 events[]|   []   |   []   |   []   |   [][]. When only wind en-e
rgy is con-sid-ered (Fig. 8[]a),
 []

[18 <../Scripts//verification_pv_number_events.pdf>]
Overfull \hbox (28.22305pt too wide) in paragraph at lines 484--485
|   []   |   []   |   []   |   []   |   []   |   []   |   []   |   []   |   [] 
  |   [][][]|   []
 []


Overfull \hbox (7.83604pt too wide) in paragraph at lines 484--485
|   []   |   []   |   []   |   []   |   []   |   []   |   []   |   []   |   [] 
  |   []   |   []   |   [][]\T1/cmr/m/n/12 . 
 []

<../Scripts//droughts_number_events.pdf, id=148, 435.01134pt x 273.54399pt>
File: ../Scripts//droughts_number_events.pdf Graphic file (type pdf)
<use ../Scripts//droughts_number_events.pdf>
Package pdftex.def Info: ../Scripts//droughts_number_events.pdf  used on input 
line 488.
(pdftex.def)             Requested size: 390.0pt x 245.24399pt.
[19] [20 <../Scripts//droughts_number_events.pdf>]
<../Scripts//droughts_return_periods.pdf, id=168, 434.3668pt x 273.54399pt>
File: ../Scripts//droughts_return_periods.pdf Graphic file (type pdf)
<use ../Scripts//droughts_return_periods.pdf>
Package pdftex.def Info: ../Scripts//droughts_return_periods.pdf  used on input
 line 510.
(pdftex.def)             Requested size: 390.0pt x 245.61546pt.
 [21]
Overfull \hbox (9.40256pt too wide) in paragraph at lines 518--519
[]|   []   |   []   |   []   |   []   |   []   |   []   |   []   |   []   |   [
]   |   []   |   []
 []

[22 <../Scripts//droughts_return_periods.pdf>]
Overfull \hbox (17.81566pt too wide) in paragraph at lines 522--523
[]\T1/cmr/m/n/12 The []|   []   [][]|   []   |   []   []of RES droughts []|   [
]   |   []   |   []   |   []
 []

[23]
<../Scripts//droughts_seasonality.pdf, id=200, 435.01134pt x 273.54399pt>
File: ../Scripts//droughts_seasonality.pdf Graphic file (type pdf)
<use ../Scripts//droughts_seasonality.pdf>
Package pdftex.def Info: ../Scripts//droughts_seasonality.pdf  used on input li
ne 553.
(pdftex.def)             Requested size: 390.0pt x 245.24399pt.

Overfull \hbox (14.62332pt too wide) in paragraph at lines 560--563
|   []   |   []   |   []   |   []   |   []   |   []   |   []   |   []   |   [] 
  |   []   |   []
 []

[24] [25 <../Scripts//droughts_seasonality.pdf>]
Overfull \hbox (11.1009pt too wide) in paragraph at lines 567--567
|   []   |   []   |   []   |   []   |   []   |   []   |   []   |   []   |   [] 
  |   []   |   []
 []


Overfull \hbox (11.29494pt too wide) in paragraph at lines 567--567
|   []   |   []   |   []   |   []   |   []   |   []   |   []   |   []   |   [] 
  |   []   |   []
 []


Overfull \hbox (11.36043pt too wide) in paragraph at lines 573--575
|   []   |   []   |   []   |   []   [][]|   []   |   []   |   []   |   []   |  
 []   |   []
 []


Overfull \hbox (3.0285pt too wide) in paragraph at lines 573--575
|   []   |   []   |   []   |   []   |   []   |   []   |   []   |   []   |   [] 
  |   []   |   []   |   []
 []

[26]
Overfull \hbox (5.81313pt too wide) in paragraph at lines 576--579
|   []   |   []   |   []   |   []   |   []   |   []   |   []   |   []   |   [] 
  |   []   |   []
 []


Overfull \hbox (11.15488pt too wide) in paragraph at lines 576--579
|   []   |   []   |   []   |   []   |   []   |   []   |   []   |   []   |   [] 
  |   []   |   []
 []

[27] (./RES_droughts_Morin_ReEn_Review_Difference.bbl [28] [29] [30] [31])

Package natbib Warning: There were undefined citations.

[32] (./RES_droughts_Morin_ReEn_Review_Difference.aux)

LaTeX Warning: There were undefined references.

 ) 
Here is how much of TeX's memory you used:
 6037 strings out of 480247
 91243 string characters out of 5896151
 464608 words of memory out of 5000000
 23892 multiletter control sequences out of 15000+600000
 484870 words of font info for 69 fonts, out of 8000000 for 9000
 14 hyphenation exceptions out of 8191
 70i,10n,76p,2227b,488s stack positions out of 5000i,500n,10000p,200000b,80000s
{/usr/share/texmf/fonts/enc/dvips/cm-super/cm-super-t1.enc}{/usr/share/texmf/
fonts/enc/dvips/cm-super/cm-super-ts1.enc}</usr/share/texlive/texmf-dist/fonts/
type1/public/amsfonts/cm/cmmi12.pfb></usr/share/texlive/texmf-dist/fonts/type1/
public/amsfonts/cm/cmmi9.pfb></usr/share/texlive/texmf-dist/fonts/type1/public/
amsfonts/cm/cmr10.pfb></usr/share/texlive/texmf-dist/fonts/type1/public/amsfont
s/cm/cmr12.pfb></usr/share/texlive/texmf-dist/fonts/type1/public/amsfonts/cm/cm
r17.pfb></usr/share/texlive/texmf-dist/fonts/type1/public/amsfonts/cm/cmr8.pfb>
</usr/share/texlive/texmf-dist/fonts/type1/public/amsfonts/cm/cmr9.pfb></usr/sh
are/texlive/texmf-dist/fonts/type1/public/amsfonts/cm/cmsy7.pfb></usr/share/tex
live/texmf-dist/fonts/type1/public/amsfonts/cm/cmsy8.pfb></usr/share/texlive/te
xmf-dist/fonts/type1/public/amsfonts/latxfont/lasy6.pfb></usr/share/texmf/fonts
/type1/public/cm-super/sfbx1200.pfb></usr/share/texmf/fonts/type1/public/cm-sup
er/sfrm0800.pfb></usr/share/texmf/fonts/type1/public/cm-super/sfrm1000.pfb></us
r/share/texmf/fonts/type1/public/cm-super/sfrm1200.pfb></usr/share/texmf/fonts/
type1/public/cm-super/sfrm1728.pfb></usr/share/texmf/fonts/type1/public/cm-supe
r/sfss0600.pfb></usr/share/texmf/fonts/type1/public/cm-super/sfti0700.pfb></usr
/share/texmf/fonts/type1/public/cm-super/sfti1000.pfb></usr/share/texmf/fonts/t
ype1/public/cm-super/sfti1200.pfb></usr/share/texmf/fonts/type1/public/cm-super
/sftt1000.pfb></usr/share/texmf/fonts/type1/public/cm-super/sftt1200.pfb>
Output written on RES_droughts_Morin_ReEn_Review_Difference.pdf (33 pages, 7573
42 bytes).
PDF statistics:
 320 PDF objects out of 1000 (max. 8388607)
 219 compressed objects within 3 object streams
 0 named destinations out of 1000 (max. 500000)
 51 words of extra memory for PDF output out of 10000 (max. 10000000)

